<?xml version="1.0" encoding="UTF-8"?>
<!-- Generated by org.testng.reporters.JUnitXMLReporter -->
<testsuite ignored="0" hostname="BLRKEC350616L" failures="0" tests="6" name="Test" time="22.797" errors="0" timestamp="2020-09-14T11:07:22 IST">
  <testcase classname="docker.ChromeTest" name="f" time="0.096"/>
  <testcase classname="docker.FirefoxTest" name="f" time="0.05"/>
  <testcase classname="docker.FirefoxTest" name="f2" time="4.41"/>
  <testcase classname="docker.FirefoxTest" name="f3" time="0.93"/>
  <testcase classname="docker.ChromeTest" name="f2" time="11.153"/>
  <testcase classname="docker.ChromeTest" name="f3" time="0.979"/>
</testsuite> <!-- Test -->
