<?xml version="1.0" encoding="UTF-8"?>
<testng-results ignored="0" total="3" passed="3" failed="0" skipped="0">
  <reporter-output>
  </reporter-output>
  <suite started-at="2020-09-17T12:22:11 IST" name="Default suite" finished-at="2020-09-17T12:22:41 IST" duration-ms="29779">
    <groups>
    </groups>
    <test started-at="2020-09-17T12:22:11 IST" name="Default test" finished-at="2020-09-17T12:22:41 IST" duration-ms="29779">
      <class name="docker.FirefoxTest">
        <test-method is-config="true" signature="beforeClass()[pri:0, instance:docker.FirefoxTest@69fb6037]" started-at="2020-09-17T12:22:11 IST" name="beforeClass" finished-at="2020-09-17T12:22:29 IST" duration-ms="18078" status="PASS">
          <reporter-output>
          </reporter-output>
        </test-method> <!-- beforeClass -->
        <test-method signature="f()[pri:0, instance:docker.FirefoxTest@69fb6037]" started-at="2020-09-17T12:22:29 IST" name="f" finished-at="2020-09-17T12:22:29 IST" duration-ms="110" status="PASS">
          <reporter-output>
          </reporter-output>
        </test-method> <!-- f -->
        <test-method signature="f2()[pri:0, instance:docker.FirefoxTest@69fb6037]" started-at="2020-09-17T12:22:29 IST" name="f2" finished-at="2020-09-17T12:22:37 IST" duration-ms="7505" status="PASS">
          <reporter-output>
          </reporter-output>
        </test-method> <!-- f2 -->
        <test-method signature="f3()[pri:0, instance:docker.FirefoxTest@69fb6037]" started-at="2020-09-17T12:22:37 IST" name="f3" finished-at="2020-09-17T12:22:40 IST" duration-ms="2944" status="PASS">
          <reporter-output>
          </reporter-output>
        </test-method> <!-- f3 -->
        <test-method is-config="true" signature="afterTest()[pri:0, instance:docker.FirefoxTest@69fb6037]" started-at="2020-09-17T12:22:40 IST" name="afterTest" finished-at="2020-09-17T12:22:41 IST" duration-ms="1053" status="PASS">
          <reporter-output>
          </reporter-output>
        </test-method> <!-- afterTest -->
      </class> <!-- docker.FirefoxTest -->
    </test> <!-- Default test -->
  </suite> <!-- Default suite -->
</testng-results>
