<?xml version="1.0" encoding="UTF-8"?>
<testng-results ignored="0" total="6" passed="6" failed="0" skipped="0">
  <reporter-output>
  </reporter-output>
  <suite started-at="2020-09-14T11:06:59 IST" name="Suite" finished-at="2020-09-14T11:07:22 IST" duration-ms="22797">
    <groups>
    </groups>
    <test started-at="2020-09-14T11:06:59 IST" name="Test" finished-at="2020-09-14T11:07:22 IST" duration-ms="22797">
      <class name="docker.ChromeTest">
        <test-method is-config="true" signature="beforeClass()[pri:0, instance:docker.ChromeTest@8e493e7e]" started-at="2020-09-14T11:06:59 IST" name="beforeClass" finished-at="2020-09-14T11:07:09 IST" duration-ms="9250" status="PASS">
          <reporter-output>
          </reporter-output>
        </test-method> <!-- beforeClass -->
        <test-method signature="f()[pri:0, instance:docker.ChromeTest@8e493e7e]" started-at="2020-09-14T11:07:09 IST" name="f" finished-at="2020-09-14T11:07:09 IST" duration-ms="96" status="PASS">
          <reporter-output>
          </reporter-output>
        </test-method> <!-- f -->
        <test-method signature="f2()[pri:0, instance:docker.ChromeTest@8e493e7e]" started-at="2020-09-14T11:07:09 IST" name="f2" finished-at="2020-09-14T11:07:20 IST" duration-ms="11153" status="PASS">
          <reporter-output>
          </reporter-output>
        </test-method> <!-- f2 -->
        <test-method signature="f3()[pri:0, instance:docker.ChromeTest@8e493e7e]" started-at="2020-09-14T11:07:20 IST" name="f3" finished-at="2020-09-14T11:07:21 IST" duration-ms="979" status="PASS">
          <reporter-output>
          </reporter-output>
        </test-method> <!-- f3 -->
        <test-method is-config="true" signature="afterTest()[pri:0, instance:docker.ChromeTest@8e493e7e]" started-at="2020-09-14T11:07:21 IST" name="afterTest" finished-at="2020-09-14T11:07:21 IST" duration-ms="136" status="PASS">
          <reporter-output>
          </reporter-output>
        </test-method> <!-- afterTest -->
      </class> <!-- docker.ChromeTest -->
      <class name="docker.FirefoxTest">
        <test-method is-config="true" signature="beforeClass()[pri:0, instance:docker.FirefoxTest@38bcf414]" started-at="2020-09-14T11:06:59 IST" name="beforeClass" finished-at="2020-09-14T11:07:14 IST" duration-ms="14641" status="PASS">
          <reporter-output>
          </reporter-output>
        </test-method> <!-- beforeClass -->
        <test-method signature="f()[pri:0, instance:docker.FirefoxTest@38bcf414]" started-at="2020-09-14T11:07:14 IST" name="f" finished-at="2020-09-14T11:07:14 IST" duration-ms="50" status="PASS">
          <reporter-output>
          </reporter-output>
        </test-method> <!-- f -->
        <test-method signature="f2()[pri:0, instance:docker.FirefoxTest@38bcf414]" started-at="2020-09-14T11:07:14 IST" name="f2" finished-at="2020-09-14T11:07:18 IST" duration-ms="4410" status="PASS">
          <reporter-output>
          </reporter-output>
        </test-method> <!-- f2 -->
        <test-method signature="f3()[pri:0, instance:docker.FirefoxTest@38bcf414]" started-at="2020-09-14T11:07:18 IST" name="f3" finished-at="2020-09-14T11:07:19 IST" duration-ms="930" status="PASS">
          <reporter-output>
          </reporter-output>
        </test-method> <!-- f3 -->
        <test-method is-config="true" signature="afterTest()[pri:0, instance:docker.FirefoxTest@38bcf414]" started-at="2020-09-14T11:07:21 IST" name="afterTest" finished-at="2020-09-14T11:07:22 IST" duration-ms="1081" status="PASS">
          <reporter-output>
          </reporter-output>
        </test-method> <!-- afterTest -->
      </class> <!-- docker.FirefoxTest -->
    </test> <!-- Test -->
  </suite> <!-- Suite -->
</testng-results>
